<?xml version="1.0" encoding="UTF-8"?>
<testng-results ignored="0" total="0" passed="0" failed="0" skipped="0">
  <reporter-output>
  </reporter-output>
  <suite started-at="2020-03-27T17:17:55 IST" name="com.TestRunner.Testcase_Runner" finished-at="2020-03-27T17:17:55 IST" duration-ms="21">
    <groups>
    </groups>
    <test started-at="2020-03-27T17:17:55 IST" name="Command line test" finished-at="2020-03-27T17:17:55 IST" duration-ms="21">
    </test> <!-- Command line test -->
  </suite> <!-- com.TestRunner.Testcase_Runner -->
</testng-results>
